[    0.000000] Linux version 4.15.0-109-eneric (buildd@lgw01-amd64-010) (gcc version 7.5.0 (Ubuntu 7.5.0-3ubuntu1~18.04)) #110-Ubuntu SMP Tue Jun 23 02:39:32 UTC 2020 (Ubuntu 4.15.0-109.110-generic 4.15.18)
[    0.000000] Command line: BOOT_IMAGE=/boot/vmlinuz-4.15.0-109-generic root=LABEL=cloudimg-rootfs ro console=tty1 console=ttyS0
[    0.000000] KERNEL supported cpus:
[    0.000000]   Intel GenuineIntel
[    0.000000]   AMD AuthenticAMD
[    0.000000]   Centaur CentaurHauls
[    0.000000] x86/fpu: x87 FPU will use FXSAVE
[    0.000000] e820: BIOS-provided physical RAM map:
[    0.000000] BIOS-e820: [mem 0x0000000000000000-0x000000000009fbff] usable
[    0.000000] BIOS-e820: [mem 0x000000000009fc00-0x000000000009ffff] reserved
[    0.000000] BIOS-e820: [mem 0x00000000000f0000-0x00000000000fffff] reserved
[    0.000000] BIOS-e820: [mem 0x0000000000100000-0x000000003ffeffff] usable
[    0.000000] BIOS-e820: [mem 0x000000003fff0000-0x000000003fffffff] ACPI data
[    0.000000] BIOS-e820: [mem 0x00000000fffc0000-0x00000000ffffffff] reserved
[    0.000000] NX (Execute Disable) protection: active
[    0.000000] SMBIOS 2.5 present.
[    0.000000] DMI: innotek GmbH VirtualBox/VirtualBox, BIOS VirtualBox 12/01/2006
[    0.000000] e820: last_pfn = 0x3fff0 max_arch_pfn = 0x400000000
[    0.000000] MTRR: Disabled
[    0.000000] x86/PAT: MTRRs disabled, skipping PAT initialization too.
[    0.000000] CPU MTRRs all blank - virtualized system.
[    0.000000] x86/PAT: Configuration [0-7]: WB  WT  UC- UC  WB  WT  UC- UC  
[    0.000000] found SMP MP-table at [mem 0x0009fff0-0x0009ffff]
[    0.000000] Scanning 1 areas for low memory corruption
[    0.000000] RAMDISK: [mem 0x35a69000-0x36d2bfff]
[    0.000000] ACPI: Early table checksum verification disabled
[    0.000000] ACPI: RSDP 0x00000000000E0000 000024 (v02 VBOX  )
[    0.000000] ACPI: XSDT 0x000000003FFF0030 00003C (v01 VBOX   VBOXXSDT 00000001 ASL  00000061)
[    0.000000] ACPI: FACP 0x000000003FFF00F0 0000F4 (v04 VBOX   VBOXFACP 00000001 ASL  00000061)
[    0.000000] ACPI: DSDT 0x000000003FFF0470 001BF1 (v01 VBOX   VBOXBIOS 00000002 INTL 20140214)
[    0.000000] ACPI: FACS 0x000000003FFF0200 000040
[    0.000000] ACPI: FACS 0x000000003FFF0200 000040
[    0.000000] ACPI: APIC 0x000000003FFF0240 00005C (v02 VBOX   VBOXAPIC 00000001 ASL  00000061)
[    0.000000] ACPI: SSDT 0x000000003FFF02A0 0001CC (v01 VBOX   VBOXCPUT 00000002 INTL 20140214)
[    0.000000] No NUMA configuration found
[    0.000000] Faking a node at [mem 0x0000000000000000-0x000000003ffeffff]
[    0.000000] NODE_DATA(0) allocated [mem 0x3ffc5000-0x3ffeffff]
[    0.000000] tsc: Fast TSC calibration using PIT
[    0.000000] Zone ranges:
[    0.000000]   DMA      [mem 0x0000000000001000-0x0000000000ffffff]
[    0.000000]   DMA32    [mem 0x0000000001000000-0x000000003ffeffff]
[    0.000000]   Normal   empty
[    0.000000]   Device   empty
[    0.000000] Movable zone start for each node
[    0.000000] Early memory node ranges
[    0.000000]   node   0: [mem 0x0000000000001000-0x000000000009efff]
[    0.000000]   node   0: [mem 0x0000000000100000-0x000000003ffeffff]
[    0.000000] Reserved but unavailable: 98 pages
[    0.000000] Initmem setup node 0 [mem 0x0000000000001000-0x000000003ffeffff]
[    0.000000] ACPI: PM-Timer IO Port: 0x4008
[    0.000000] IOAPIC[0]: apic_id 2, version 17, address 0xfec00000, GSI 0-23
[    0.000000] ACPI: INT_SRC_OVR (bus 0 bus_irq 0 global_irq 2 dfl dfl)
[    0.000000] ACPI: INT_SRC_OVR (bus 0 bus_irq 9 global_irq 9 high level)
[    0.000000] Using ACPI (MADT) for SMP configuration information
[    0.000000] smpboot: Allowing 2 CPUs, 0 hotplug CPUs
[    0.000000] PM: Registered nosave memory: [mem 0x00000000-0x00000fff]
[    0.000000] PM: Registered nosave memory: [mem 0x0009f000-0x0009ffff]
[    0.000000] PM: Registered nosave memory: [mem 0x000a0000-0x000effff]
[    0.000000] PM: Registered nosave memory: [mem 0x000f0000-0x000fffff]
[    0.000000] e820: [mem 0x40000000-0xfffbffff] available for PCI devices
[    0.000000] Booting paravirtualized kernel on bare hardware
[    0.000000] clocksource: refined-jiffies: mask: 0xffffffff max_cycles: 0xffffffff, max_idle_ns: 7645519600211568 ns
[    0.000000] random: get_random_bytes called from start_kernel+0x99/0x500 with crng_init=0
[    0.000000] setup_percpu: NR_CPUS:8192 nr_cpumask_bits:2 nr_cpu_ids:2 nr_node_ids:1
[    0.000000] percpu: Embedded 45 pages/cpu s147456 r8192 d28672 u1048576
[    0.000000] Built 1 zonelists, mobility grouping on.  Total pages: 257913
[    0.000000] Policy zone: DMA32
[    0.000000] Kernel command line: BOOT_IMAGE=/boot/vmlinuz-4.15.0-109-generic root=LABEL=cloudimg-rootfs ro console=tty1 console=ttyS0
[    0.000000] Memory: 983564K/1048120K available (12300K kernel code, 2481K rwdata, 4272K rodata, 2436K init, 2720K bss, 64556K reserved, 0K cma-reserved)
[    0.000000] SLUB: HWalign=64, Order=0-3, MinObjects=0, CPUs=2, Nodes=1
[    0.000000] Kernel/User page tables isolation: enabled
[    0.000000] ftrace: allocating 39378 entries in 154 pages
[    0.000000] Hierarchical RCU implementation.
[    0.000000] 	RCU restricting CPUs from NR_CPUS=8192 to nr_cpu_ids=2.
[    0.000000] 	Tasks RCU enabled.
[    0.000000] RCU: Adjusting geometry for rcu_fanout_leaf=16, nr_cpu_ids=2
[    0.000000] NR_IRQS: 524544, nr_irqs: 440, preallocated irqs: 16
[    0.000000] Console: colour VGA+ 80x25
[    0.000000] console [tty1] enabled
[    0.000000] console [ttyS0] enabled
[    0.000000] ACPI: Core revision 20170831
[    0.000000] ACPI: 2 ACPI AML tables successfully acquired and loaded
[    0.000000] APIC: Switch to symmetric I/O mode setup
[    0.000000] ..TIMER: vector=0x30 apic1=0 pin1=2 apic2=-1 pin2=-1
[    0.024000] tsc: Fast TSC calibration failed
[    0.040000] tsc: Unable to calibrate against PIT
[    0.044000] tsc: using PMTIMER reference calibration
[    0.048000] tsc: Detected 2387.918 MHz processor
[    0.052000] Calibrating delay loop (skipped), value calculated using timer frequency.. 4775.83 BogoMIPS (lpj=9551672)
[    0.052000] pid_max: default: 32768 minimum: 301
[    0.052000] Security Framework initialized
[    0.056015] Yama: becoming mindful.
[    0.056930] AppArmor: AppArmor initialized
[    0.058556] Dentry cache hash table entries: 131072 (order: 8, 1048576 bytes)
[    0.060109] Inode-cache hash table entries: 65536 (order: 7, 524288 bytes)
[    0.064044] Mount-cache hash table entries: 2048 (order: 2, 16384 bytes)
[    0.068028] Mountpoint-cache hash table entries: 2048 (order: 2, 16384 bytes)
[    0.072340] Last level iTLB entries: 4KB 512, 2MB 8, 4MB 8
[    0.073189] Last level dTLB entries: 4KB 512, 2MB 32, 4MB 32, 1GB 0
[    0.074009] Spectre V1 : Mitigation: usercopy/swapgs barriers and __user pointer sanitization
[    0.080021] Spectre V2 : Mitigation: Full generic retpoline
[    0.084016] Spectre V2 : Spectre v2 / SpectreRSB mitigation: Filling RSB on context switch
[    0.088016] Speculative Store Bypass: Vulnerable
[    0.092065] MDS: Vulnerable: Clear CPU buffers attempted, no microcode
[    0.096166] Freeing SMP alternatives memory: 36K
[    0.211407] smpboot: CPU0: Intel(R) Core(TM) i7-3630QM CPU @ 2.40GHz (family: 0x6, model: 0x3a, stepping: 0x9)
[    0.212454] Performance Events: unsupported p6 CPU model 58 no PMU driver, software events only.
[    0.214106] Hierarchical SRCU implementation.
[    0.216844] NMI watchdog: Perf event create on CPU 0 failed with -2
[    0.217814] NMI watchdog: Perf NMI watchdog permanently disabled
[    0.218845] smp: Bringing up secondary CPUs ...
[    0.220108] x86: Booting SMP configuration:
[    0.220775] .... node  #0, CPUs:      #1
[    0.226594] smp: Brought up 1 node, 2 CPUs
[    0.232018] smpboot: Max logical packages: 1
[    0.236016] smpboot: Total of 2 processors activated (9551.67 BogoMIPS)
[    0.237230] devtmpfs: initialized
[    0.237230] x86/mm: Memory block size: 128MB
[    0.237474] evm: security.selinux
[    0.238002] evm: security.SMACK64
[    0.240012] evm: security.SMACK64EXEC
[    0.244016] evm: security.SMACK64TRANSMUTE
[    0.244862] evm: security.SMACK64MMAP
[    0.248008] evm: security.apparmor
[    0.248546] evm: security.ima
[    0.249025] evm: security.capability
[    0.252705] clocksource: jiffies: mask: 0xffffffff max_cycles: 0xffffffff, max_idle_ns: 7645041785100000 ns
[    0.324033] futex hash table entries: 512 (order: 3, 32768 bytes)
[    0.328033] pinctrl core: initialized pinctrl subsystem
[    0.328033] RTC time: 21:18:39, date: 07/05/20
[    0.328033] NET: Registered protocol family 16
[    0.336136] audit: initializing netlink subsys (disabled)
[    0.337184] audit: type=2000 audit(1593983917.336:1): state=initialized audit_enabled=0 res=1
[    0.340095] cpuidle: using governor ladder
[    0.344077] cpuidle: using governor menu
[    0.348083] ACPI: bus type PCI registered
[    0.350181] acpiphp: ACPI Hot Plug PCI Controller Driver version: 0.5
[    0.351558] PCI: Using configuration type 1 for base access
[    0.356117] HugeTLB registered 2.00 MiB page size, pre-allocated 0 pages
[    0.360170] ACPI: Added _OSI(Module Device)
[    0.360170] ACPI: Added _OSI(Processor Device)
[    0.361957] ACPI: Added _OSI(3.0 _SCP Extensions)
[    0.362886] ACPI: Added _OSI(Processor Aggregator Device)
[    0.364028] ACPI: Added _OSI(Linux-Dell-Video)
[    0.364903] ACPI: Added _OSI(Linux-Lenovo-NV-HDMI-Audio)
[    0.365918] ACPI: Added _OSI(Linux-HPI-Hybrid-Graphics)
[    0.368052] ACPI: Executed 1 blocks of module-level executable AML code
[    0.374064] ACPI: Interpreter enabled
[    0.380256] ACPI: (supports S0 S5)
[    0.381770] ACPI: Using IOAPIC for interrupt routing
[    0.383215] PCI: Using host bridge windows from ACPI; if necessary, use "pci=nocrs" and report a bug
[    0.384185] ACPI: Enabled 2 GPEs in block 00 to 07
[    0.389859] ACPI: PCI Root Bridge [PCI0] (domain 0000 [bus 00-ff])
[    0.424037] acpi PNP0A03:00: _OSC: OS supports [ASPM ClockPM Segments MSI]
[    0.427232] acpi PNP0A03:00: _OSC failed (AE_NOT_FOUND); disabling ASPM
[    0.444036] acpi PNP0A03:00: fail to add MMCONFIG information, can't access extended PCI configuration space under this bridge.
[    0.468382] PCI host bridge to bus 0000:00
[    0.468382] pci_bus 0000:00: root bus resource [io  0x0000-0x0cf7 window]
[    0.476020] pci_bus 0000:00: root bus resource [io  0x0d00-0xffff window]
[    0.477287] pci_bus 0000:00: root bus resource [mem 0x000a0000-0x000bffff window]
[    0.478494] pci_bus 0000:00: root bus resource [mem 0x40000000-0xffdfffff window]
[    0.488026] pci_bus 0000:00: root bus resource [bus 00-ff]
[    0.498531] pci 0000:00:01.1: legacy IDE quirk: reg 0x10: [io  0x01f0-0x01f7]
[    0.524026] pci 0000:00:01.1: legacy IDE quirk: reg 0x14: [io  0x03f6]
[    0.544022] pci 0000:00:01.1: legacy IDE quirk: reg 0x18: [io  0x0170-0x0177]
[    0.568030] pci 0000:00:01.1: legacy IDE quirk: reg 0x1c: [io  0x0376]
[    0.593050] ACPI: PCI Interrupt Link [LNKA] (IRQs 5 9 10 11) *0, disabled.
[    0.636399] ACPI: PCI Interrupt Link [LNKB] (IRQs 5 9 10 *11)
[    0.636399] ACPI: PCI Interrupt Link [LNKC] (IRQs 5 9 *10 11)
[    0.644173] ACPI: PCI Interrupt Link [LNKD] (IRQs 5 *9 10 11)
[    0.645222] SCSI subsystem initialized
[    0.645222] pci 0000:00:02.0: vgaarb: setting as boot VGA device
[    0.645222] pci 0000:00:02.0: vgaarb: VGA device added: decodes=io+mem,owns=io+mem,locks=none
[    0.646212] pci 0000:00:02.0: vgaarb: bridge control possible
[    0.660017] vgaarb: loaded
[    0.660553] ACPI: bus type USB registered
[    0.661046] usbcore: registered new interface driver usbfs
[    0.661046] usbcore: registered new interface driver hub
[    0.664015] usbcore: registered new device driver usb
[    0.672051] EDAC MC: Ver: 3.0.0
[    0.676142] PCI: Using ACPI for IRQ routing
[    0.692343] NetLabel: Initializing
[    0.696008] NetLabel:  domain hash size = 128
[    0.696692] NetLabel:  protocols = UNLABELED CIPSOv4 CALIPSO
[    0.696692] NetLabel:  unlabeled traffic allowed by default
[    0.700118] clocksource: Switched to clocksource refined-jiffies
[    0.716011] VFS: Disk quotas dquot_6.6.0
[    0.720027] VFS: Dquot-cache hash table entries: 512 (order 0, 4096 bytes)
[    0.722238] AppArmor: AppArmor Filesystem Enabled
[    0.728044] pnp: PnP ACPI init
[    0.729000] pnp: PnP ACPI: found 4 devices
[    0.740504] clocksource: acpi_pm: mask: 0xffffff max_cycles: 0xffffff, max_idle_ns: 2085701024 ns
[    0.768035] clocksource: Switched to clocksource acpi_pm
[    0.768906] NET: Registered protocol family 2
[    0.771009] TCP established hash table entries: 8192 (order: 4, 65536 bytes)
[    0.771985] TCP bind hash table entries: 8192 (order: 5, 131072 bytes)
[    0.774700] TCP: Hash tables configured (established 8192 bind 8192)
[    0.876434] UDP hash table entries: 512 (order: 2, 16384 bytes)
[    0.877345] UDP-Lite hash table entries: 512 (order: 2, 16384 bytes)
[    0.878353] NET: Registered protocol family 1
[    0.880394] pci 0000:00:00.0: Limiting direct PCI/PCI transfers
[    0.884516] pci 0000:00:01.0: Activating ISA DMA hang workarounds
[    0.885480] pci 0000:00:02.0: Video device with shadowed ROM at [mem 0x000c0000-0x000dffff]
[    0.886838] Unpacking initramfs...
[    1.133201] Freeing initrd memory: 19212K
[    1.182427] platform rtc_cmos: registered platform RTC device (no PNP device found)
[    1.183613] Scanning for low memory corruption every 60 seconds
[    1.187652] Initialise system trusted keyrings
[    1.189466] Key type blacklist registered
[    1.190447] workingset: timestamp_bits=36 max_order=18 bucket_order=0
[    1.193706] zbud: loaded
[    1.194979] squashfs: version 4.0 (2009/01/31) Phillip Lougher
[    1.207908] fuse init (API version 7.26)
[    1.219497] Key type asymmetric registered
[    1.311691] Asymmetric key parser 'x509' registered
[    1.312558] Block layer SCSI generic (bsg) driver version 0.4 loaded (major 246)
[    1.313877] io scheduler noop registered
[    1.314505] io scheduler deadline registered
[    1.315242] io scheduler cfq registered (default)
[    1.317502] ACPI: AC Adapter [AC] (on-line)
[    1.318216] input: Power Button as /devices/LNXSYSTM:00/LNXPWRBN:00/input/input0
[    1.319493] ACPI: Power Button [PWRF]
[    1.320198] input: Sleep Button as /devices/LNXSYSTM:00/LNXSLPBN:00/input/input1
[    1.326584] ACPI: Sleep Button [SLPF]
[    1.328224] ACPI: Battery Slot [BAT0] (battery present)
[    1.329290] Serial: 8250/16550 driver, 32 ports, IRQ sharing enabled
[    1.352674] 00:03: ttyS0 at I/O 0x3f8 (irq = 4, base_baud = 115200) is a 16550A
[    1.370329] Linux agpgart interface v0.103
[    1.485562] loop: module loaded
[    1.579065] scsi host0: ata_piix
[    16097sc ht1ata_piix
[    2.208498] tsc: Refined TSC clocksource calibration: 2387.926 MHz
[    2.211764] ata1: PATA max UDMA/33 cmd 0x1f0 ctl 0x3f6 bmdma 0xd000 irq 14
[    2.212880] clocksource: tsc: mask: 0xffffffffffffffff max_cycles: 0x226ba9969b8, max_idle_ns: 440795307548 ns
[    2.235705] ata2: PATA max UDMA/33 cmd 0x170 ctl 0x376 bmdma 0xd008 irq 15
[    2.239218]ibphy:ix MO uspred
[    380092] tun: Universal TUN/TAP device driver, 1.6
[    3.311591] clocksource: Switched to clocksource tsc
[    3.311675] PPP generic driver version 2.4.2
[    3.313316] ehci_hcd: USB 2.0 'Enhanced' Host Controller (EHCI) Driver
[    3.317058] ehci-pci: EHCI PCI platform driver
[    3.317786] ehci-platform: EHCI generic platform driver
[    3.318606] ohci_hcd: USB 1.1 'Open' Host Controller (OHCI) Driver
[    3.319564] ohci-pci: OHCI PCI platform driver
[    3.320535] ohci-platform: OHCI generic platform driver
[    3.321361] uhci_hcd: USB Universal Host Controller Interface driver
[    3.326113] i8042: PNP: PS/2 Controller [PNP0303:PS2K,PNP0f03:PS2M] at 0x60,0x64 irq 1,12
[    3.329810] serio: i8042 KBD port at 0x60,0x64 irq 1
[    3.330639] serio: i8042 AUX port at 0x60,0x64 irq 12
[    3.331777] mousedev: PS/2 mouse device common for all mice
[    3.377891] rtc_cmos rtc_cmos: rtc core: registered rtc_cmos as rtc0
[    3.491658] rtc_cmos rtc_cmos: alarms up to one day, 114 bytes nvram
[    3.491666] input: AT Translated Set 2 keyboard as /devices/platform/i8042/serio0/input/input2
[    3.492986] i2c /dev entries driver
[    3.516800] device-mapper: uevent: version 1.0.3
[    3.517850] device-mapper: ioctl: 4.37.0-ioctl (2017-09-20) initialised: dm-devel@redhat.com
[    3.519247] ledtrig-cpu: registered to indicate activity on CPUs
[    3.524851] NET: Registered protocol family 10
[    3.532756] Segment Routing with IPv6
[    3.538834] NET: Registered protocol family 17
[    3.539906] Key type dns_resolver registered
[    3.541233] mce: Using 0 MCE banks
[    3.543208] RAS: Correctable Errors collector initialized.
[    3.545772] microcode: sig=0x306a9, pf=0x2, revision=0x19
[    3.546930] microcode: Microcode Update Driver: v2.2.
[    3.546949] sched_clock: Marking stable (3546919066, 0)->(4576835354, -1029916288)
[    3.551357] registered taskstats version 1
[    3.553290] Loading compiled-in X.509 certificates
[    3.557908] Loaded X.509 cert 'Build time autogenerated kernel key: 495c641868e7df5e32bc382f03c4f4fc9cad4e78'
[    3.565415] zswap: loaded using pool lzo/zbud
[    3.572068] Key type big_key registered
[    3.578173] Key type trusted registered
[    3.581879] Key type encrypted registered
[    3.588086] AppArmor: AppArmor sha1 policy hashing enabled
[    3.589159] ima: No TPM chip found, activating TPM-bypass! (rc=-19)
[    3.590366] ima: Allocated hash algorithm: sha1
[    3.591480] evm: HMAC attrs: 0x1
[    3.592306]   Magic number: 12:879:347
[    3.594152]  pci0000:00: hash matches
[    3.595057] rtc_cmos rtc_cmos: setting system clock to 2020-07-05 21:18:43 UTC (1593983923)
[    3.596979] BIOS EDD facility v0.16 2004-Jun-25, 0 devices found
[    3.598102] EDD information not available.
[    3.601180] Freeing unused kernel image memory: 2436K
[    3.662582] Write protecting the kernel read-only data: 20480k
[    4.165585] Freeing unused kernel image memory: 2008K
[    4.172073] Freeing unused kernel image memory: 1872K
[    5.386086] x86/mm: Checked W+X mappings: passed, no W+X pages found.
[    8.376259] clocksource: timekeeping watchdog on CPU0: Marking clocksource 'tsc' as unstable because the skew is too large:
[    8.376262] clocksource:                       'acpi_pm' wd_now: 947ad7 wd_last: f0d406 mask: ffffff
[    8.376265] clocksource:                       'tsc' cs_now: e8a6e8009 cs_last: cdffa11e0 mask: ffffffffffffffff
[    8.376272] tsc: Marking TSC unstable due to clocksource watchdog
[   13.872450] TSC found unstable after boot, most likely due to broken BIOS. Use 'tsc=unstable'.
[   13.874162] sched_clock: Marking unstable (13872446862, -150)<-(14902362600, -1029916288)
[   13.874167] x86/mm: Checking user space page tables
[   13.883495] clocksource: Switched to clocksource acpi_pm
[   13.883512] x86/mm: Checked W+X mappings: passed, no W+X pages found.
Loading, please wait...
starting version 237
[   14.022150] e1000: Intel(R) PRO/1000 Network Driver - version 7.3.21-k8-NAPI
[   14.022161] Fusion MPT base driver 3.04.20
[   14.033768] e1000: Copyright (c) 1999-2006 Intel Corporation.
[   14.035354] Copyright (c) 1999-2008 LSI Corporation
[   14.039764] Fusion MPT SPI Host driver 3.04.20
[   14.258453] input: ImExPS/2 Generic Explorer Mouse as /devices/platform/i8042/serio1/input/input4
[   14.436721] e1000 0000:00:03.0 eth0: (PCI:33MHz:32-bit) 02:12:97:df:f3:54
[   14.443117] e1000 0000:00:03.0 eth0: Intel(R) PRO/1000 Network Connection
[   15.100969] mptbase: ioc0: Initiating bringup
[   15.101965] e1000 0000:00:03.0 enp0s3: renamed from eth0
[   15.204611] ioc0: LSI53C1030 A0: Capabilities={Initiator}
[   15.470765] scsi host2: ioc0: LSI53C1030 A0, FwRev=00000000h, Ports=1, MaxQ=256, IRQ=20
[   17.264729] scsi 2:0:0:0: Direct-Access     VBOX     HARDDISK         1.0  PQ: 0 ANSI: 5
[   17.308184] scsi target2:0:0: Beginning Domain Validation
[   17.337452] scsi target2:0:0: Domain Validation skipping write tests
[   17.345343] scsi target2:0:0: Ending Domain Validation
[   17.346937] scsi target2:0:0: asynchronous
[   17.349813] scsi 2:0:1:0: Direct-Access     VBOX     HARDDISK         1.0  PQ: 0 ANSI: 5
[   17.384098] scsi target2:0:1: Beginning Domain Validation
[   17.453572] random: fast init done
[   18.534243] scsi target2:0:1: Domain Validation skipping write tests
[   20.359214] scsi target2:0:1: Ending Domain Validation
[   20.360202] scsi target2:0:1: asynchronous
[   20.366106] random: systemd-udevd: uninitialized urandom read (16 bytes read)
[   20.368327] random: systemd-udevd: uninitialized urandom read (16 bytes read)
[   20.369429] random: systemd-udevd: uninitialized urandom read (16 bytes read)
[   20.371057] sd 2:0:0:0: Attached scsi generic sg0 type 0
[   20.373190] sd 2:0:0:0: [sda] 20971520 512-byte logical blocks: (10.7 GB/10.0 GiB)
[   20.373593] sd 2:0:1:0: [sdb] 20480 512-byte logical blocks: (10.5 MB/10.0 MiB)
[   20.374800] sd 2:0:1:0: Attached scsi generic sg1 type 0
[   20.375591] sd 2:0:0:0: [sda] Write Protect is off
[   20.376613] sd 2:0:1:0: [sdb] Write Protect is off
[   20.378102] sd 2:0:0:0: [sda] Incomplete mode parameter data
[   20.378121] sd 2:0:1:0: [sdb] Incomplete mode parameter data
[   20.379161] sd 2:0:0:0: [sda] Assuming drive cache: write through
[   20.381142] sd 2:0:1:0: [sdb] Assuming drive cache: write through
[   21.161918]  sda: sda1
[   22.104697] sd 2:0:0:0: [sda] Attached SCSI disk
[   23.126239] sd 2:0:1:0: [sdb] Attached SCSI disk
Begin: Loading essential drivers ... [   25.076089] raid6: sse2x1   gen()  8273 MB/s
[   25.164069] raid6: sse2x1   xor()  6590 MB/s
[   25.244037] raid6: sse2x2   gen() 10178 MB/s
[   25.328046] raid6: sse2x2   xor()  7276 MB/s
[   25.500047] raid6: sse2x4   gen() 13036 MB/s
[   25.604039] raid6: sse2x4   xor()  8649 MB/s
[   25.659255] raid6: using algorithm sse2x4 gen() 13036 MB/s
[   25.682156] raid6: .... xor() 8649 MB/s, rmw enabled
[   25.695524] raid6: using ssse3x2 recovery algorithm
[   25.697736] xor: measuring software checksum speed
[   25.782727]    prefetch64-sse: 36423.000 MB/sec
[   25.882796]    generic_sse: 38939.000 MB/sec
[   25.893056] xor: using function: generic_sse (38939.000 MB/sec)
[   25.904559] async_tx: api initialized (async)
done.
Begin: Running /scripts/init-p[   25.956869] Btrfs loaded, crc32c=crc32c-generic
remount ... done.
Begin: Mounting root file system ... Begin: Running /scripts/local-top ... done.
Begin: Running /scripts/local-premount ... Scanning for Btrfs filesystems
done.
Warning: fsck not present, so sk[   26.234633] EXT4-fs (sda1): INFO: recovery required on readonly filesystem
ipping root file[   26.315330] EXT4-fs (sda1): write access will be enabled during recovery
 system
[   27.063326] random: crng init done
[   27.067137] random: 7 urandom warning(s) missed due to ratelimiting
[   60.396224] mptscsih: ioc0: attempting task abort! (sc=00000000ec536e2c)
[   60.421439] sd 2:0:0:0: [sda] tag#0 CDB: Write(10) 2a 00 00 00 49 d8 00 00 08 00
[   60.592237] mptscsih: ioc0: task abort: FAILED (rv=2003) (sc=00000000ec536e2c)
[   60.664162] mptscsih: ioc0: attempting target reset! (sc=00000000ec536e2c)
[   60.667177] sd 2:0:0:0: [sda] tag#0 CDB: Write(10) 2a 00 00 00 49 d8 00 00 08 00
[   60.912683] mptscsih: ioc0: target reset: SUCCESS (sc=00000000ec536e2c)
[   63.217096] EXT4-fs (sda1): recovery complete
[   63.413205] EXT4-fs (sda1): mounted filesystem with ordered data mode. Opts: (null)
done.
Begin: Running /scripts/local-bottom ... done.
Begin: Running /scripts/init-bottom ... done.
[   65.302059] ip_tables: (C) 2000-2006 Netfilter Core Team
[   65.686947] systemd[1]: systemd 237 running in system mode. (+PAM +AUDIT +SELINUX +IMA +APPARMOR +SMACK +SYSVINIT +UTMP +LIBCRYPTSETUP +GCRYPT +GNUTLS +ACL +XZ +LZ4 +SECCOMP +BLKID +ELFUTILS +KMOD -IDN2 +IDN -PCRE2 default-hierarchy=hybrid)
[   66.440956] systemd[1]: Detected virtualization oracle.
[   66.613607] systemd[1]: Detected architecture x86-64.

Welcome to [1mUbuntu 18.04.4 LTS[0m!

[   66.946855] systemd[1]: Set hostname to <ubuntu-bionic>.
[   69.591991] systemd[1]: Created slice System Slice.
[[0;32m  OK  [0m] Created slice System Slice.
[   69.605318] systemd[1]: Listening on Device-mapper event daemon FIFOs.
[[0;32m  OK  [0m] Listening on Device-mapper event daemon FIFOs.
[   69.609446] systemd[1]: Started Forward Password Requests to Wall Directory Watch.
[[0;32m  OK  [0m] Started Forward Password Requests to Wall Directory Watch.
[   69.614274] systemd[1]: Listening on udev Kernel Socket.
[[0;32m  OK  [0m] Listening on udev Kernel Socket.
[   69.617649] systemd[1]: Listening on Network Service Netlink Socket.
[[0;32m  OK  [0m] Listening on Network Service Netlink Socket.
[   69.622275] systemd[1]: Created slice User and Session Slice.
[[0;32m  OK  [0m] Created slice User and Session Slice.
[[0;32m  OK  [0m] Set up automount Arbitrary Executab…rmats File System Automount Point.
[[0;32m  OK  [0m] Reached target Slices.
[[0;32m  OK  [0m] Listening on Journal Socket (/dev/log).
[[0;32m  OK  [0m] Created slice system-serial\x2dgetty.slice.
[[0;32m  OK  [0m] Listening on Journal Socket.
         Starting Uncomplicated firewall...
         Starting Create list of required st…ce nodes for the current kernel...
         Mounting Huge Pages File System...
         Mounting Kernel Debug File System...
[[0;32m  OK  [0m] Listening on udev Control Socket.
         Mounting POSIX Message Queue File System...
         Starting Load Kernel Modules...
[[0;32m  OK  [0m] Listening on LVM2 metadata daemon socket.
         Starting Monitoring of LVM2 mirrors…ng dmeventd or progress polling...
[[0;32m  OK  [[   69.829387] Loading iSCSI transport class v2.0-870.
0m] Reached target System Time Synchronized.
         Starting udev Coldplug all Devices...
[[0;32m  OK  [0m] Listening on Syslog Socket.
[[0;32m  OK  [0m] Reached target Swap.
[[0;32m  OK  [[   70.129071] iscsi: registered transport (tcp)
0m] Reached target User and Group Name Lookups.
[[0;32m  OK  [0m] Listening on LVM2 poll daemon socket.
[[0;32m  OK  [0m] Listening on /dev/initctl Compatibility Named Pipe.
         Starting Remount Root and Kernel File Systems...
[[0;32m  OK  [0m] Listening on Journal Audit Socket.
         Starting Journal Service...
         [   70.450849] iscsi: registered transport (iser)
Starting Set the console keyboard layout...
[[0;32m  OK  [0m] Started Uncomplicated firewall.
[[0;32m  OK  [0m] Started Create list of required sta…vice nodes for the current kernel.
[[0;32m  OK  [0m] Mounted Huge Pages File System.
[[0;32m  OK  [0m] Mounted Kernel Debug File System.
[[0;32m  OK  [0m] Mounted POSIX Message Queue File System.
[[0;32m  OK  [0m] Started Load Kernel Modules.
[[0;32m  OK  [0m] Started LVM2 metadata daemon.
         Starting Apply Kernel Variables...
         Mounting FUSE Control File System...
[   70.713461] systemd[1]: Mounting Kernel Configuration File System...
[   70.770073] EXT4-fs (sda1): re-mounted. Opts: (null)
         Mounting Kernel Configuration File System...
[   71.063639] systemd[1]: Starting Create Static Device Nodes in /dev...
         Starting Create Static Device Nodes in /dev...
[   71.109707] systemd[1]: Started Journal Service.
[[0;32m  OK  [0m] Started Journal Service.
[[0;32m  OK  [0m] Started Monitoring of LVM2 mirrors,…sing dmeventd or progress polling.
[[0;32m  OK  [0m] Started Remount Root and Kernel File Systems.
[[0;32m  OK  [0m] Started udev Coldplug all Devices.
[[0;32m  OK  [0m] Started Apply Kernel Variables.
[[0;32m  OK  [0m] Mounted FUSE Control File System.
[[0;32m  OK  [0m] Mounted Kernel Configuration File System.
[[0;32m  OK  [0m] Started Create Static Device Nodes in /dev.
         Starting Load/Save Random Seed...
         Starting udev Kernel Device Manager...
         Starting Flush Journal to Persistent Storage...
[[0;32m  OK  [0m] Started Set the console keyboard layout.
[[0;32m  OK  [0m] Started Load/Save Random Seed.
[[0;32m  OK  [0m] Reached target Local File Systems (Pre).
[[0;32m  OK  [0m] Reached target Local File Systems.
         Starting AppArmor initialization...
         Starting ebtables ruleset management...
         Starting Tell Plymouth To Write Out Runtime Data...
         Starting Set console font and keymap...
[[0;32m  OK  [0m] Started udev Kernel Device Manager.
[[0;32m  OK  [0m] Started Dispatch Password Requests to Console Directory Watch.
[[0;32m  OK  [0m] Reached target Local Encrypted Volumes.
[[0;32m  OK  [0m] Started Tell Plymouth To Write Out Runtime Data.
[[0;32m  OK  [0m] Started Set console font and keymap.
[[0;32m  OK  [0m] Started ebtables ruleset management.
[[0;32m  OK  [0m] Found device /dev/ttyS0.
[[0;32m  OK  [0m] Listening on Load/Save RF Kill Switch Status /dev/rfkill Watch.
[[0;32m  OK  [0m] Started Flush Journal to Persistent Storage.
         Starting Create Volatile Files and Directories...
[[0;32m  OK  [0m] Started Create Volatile Files and Directories.
         Starting Update UTMP about System Boot/Shutdown...
[[0;32m  OK  [0m] Started Update UTMP about System Boot/Shutdown.
[[0;32m  OK  [0m] Started AppArmor initialization.
         Starting Initial cloud-init job (pre-networking)...
[   82.155024] cloud-init[532]: Cloud-init v. 19.4-33-gbb4131a2-0ubuntu1~18.04.1 running 'init-local' at Sun, 05 Jul 2020 21:20:01 +0000. Up 81.47 seconds.
[[0;32m  OK  [0m] Started Initial cloud-init job (pre-networking).
[[0;32m  OK  [0m] Reached target Network (Pre).
         Starting Network Service...
[[0;32m  OK  [0m] Started Network Service.
         Starting Wait for Network to be Configured...
         Starting Network Name Resolution...
[[0;32m  OK  [0m] Started Network Name Resolution.
[[0;32m  OK  [0m] Reached target Network.
[[0;32m  OK  [0m] Reached target Host and Network Name Lookups.
[[0;32m  OK  [0m] Started Wait for Network to be Configured.
         Starting Initial cloud-init job (metadata service crawler)...
[   84.473532] cloud-init[668]: Cloud-init v. 19.4-33-gbb4131a2-0ubuntu1~18.04.1 running 'init' at Sun, 05 Jul 2020 21:20:04 +0000. Up 84.15 seconds.
[   84.588424] cloud-init[668]: ci-info: ++++++++++++++++++++++++++++++++++++++Net device info++++++++++++++++++++++++++++++++++++++
[   84.680772] cloud-init[668]: ci-info: +--------+------+----------------------------+---------------+--------+-------------------+
[   84.768609] cloud-init[668]: ci-info: | Device |  Up  |          Address           |      Mask     | Scope  |     Hw-Address    |
[   84.783683] cloud-init[668]: ci-info: +--------+------+----------------------------+---------------+--------+-------------------+
[   84.787224] cloud-init[668]: ci-info: | enp0s3 | True |         10.0.2.15          | 255.255.255.0 | global | 02:12:97:df:f3:54 |
[   84.790686] cloud-init[668]: ci-info: | enp0s3 | True | fe80::12:97ff:fedf:f354/64 |       .       |  link  | 02:12:97:df:f3:54 |
[   84.794207] cloud-init[668]: ci-info: |   lo   | True |         127.0.0.1          |   255.0.0.0   |  host  |         .         |
[   84.808576] cloud-init[668]: ci-info: |   lo   | True |          ::1/128           |       .       |  host  |         .         |
[   84.827019] cloud-init[668]: ci-info: +--------+------+----------------------------+---------------+--------+-------------------+
[   84.829437] cloud-init[668]: ci-info: ++++++++++++++++++++++++++++Route IPv4 info+++++++++++++++++++++++++++++
[   84.831717] cloud-init[668]: ci-info: +-------+-------------+----------+-----------------+-----------+-------+
[   84.836052] cloud-init[668]: ci-info: | Route | Destination | Gateway  |     Genmask     | Interface | Flags |
[   84.838231] cloud-init[668]: ci-info: +-------+-------------+----------+-----------------+-----------+-------+
[   84.841555] cloud-init[668]: ci-info: |   0   |   0.0.0.0   | 10.0.2.2 |     0.0.0.0     |   enp0s3  |   UG  |
[   84.844993] cloud-init[668]: ci-info: |   1   |   10.0.2.0  | 0.0.0.0  |  255.255.255.0  |   enp0s3  |   U   |
[   84.850369] cloud-init[668]: ci-info: |   2   |   10.0.2.2  | 0.0.0.0  | 255.255.255.255 |   enp0s3  |   UH  |
[   84.852377] cloud-init[668]: ci-info: +-------+-------------+----------+-----------------+-----------+-------+
[   84.855639] cloud-init[668]: ci-info: +++++++++++++++++++Route IPv6 info+++++++++++++++++++
[   84.857292] cloud-init[668]: ci-info: +-------+-------------+---------+-----------+-------+
[   84.858916] cloud-init[668]: ci-info: | Route | Destination | Gateway | Interface | Flags |
[   84.860509] cloud-init[668]: ci-info: +-------+-------------+---------+-----------+-------+
[   84.862106] cloud-init[668]: ci-info: |   1   |  fe80::/64  |    ::   |   enp0s3  |   U   |
[   84.864871] cloud-init[668]: ci-info: |   3   |    local    |    ::   |   enp0s3  |   U   |
[   84.866354] cloud-init[668]: ci-info: |   4   |   ff00::/8  |    ::   |   enp0s3  |   U   |
[   84.868301] cloud-init[668]: ci-info: +-------+-------------+---------+-----------+-------+
[[0;32m  OK  [0m] Started Initial cloud-init job (metadata service crawler).
[[0;32m  OK  [0m] Reached target System Initialization.
[[0;32m  OK  [0m] Listening on D-Bus System Message Bus Socket.
[[0;32m  OK  [0m] Started Daily apt upgrade and clean activities.
[[0;32m  OK  [0m] Started Discard unused blocks once a week.
         Starting Socket activation for snappy daemon.
[[0;32m  OK  [0m] Listening on Open-iSCSI iscsid Socket.
[[0;32m  OK  [0m] Listening on UUID daemon activation socket.
[[0;32m  OK  [0m] Started Message of the Day.
[[0;32m  OK  [0m] Listening on ACPID Listen Socket.
[[0;32m  OK  [0m] Started ACPI Events Check.
[[0;32m  OK  [0m] Reached target Paths.
         Starting LXD - unix socket.
[[0;32m  OK  [0m] Started Daily Cleanup of Temporary Directories.
[[0;32m  OK  [0m] Reached target Timers.
[[0;32m  OK  [0m] Reached target Network is Online.
[[0;32m  OK  [0m] Reached target Remote File Systems (Pre).
[[0;32m  OK  [0m] Reached target Remote File Systems.
         Starting Availability of block devices...
[[0;32m  OK  [0m] Reached target Cloud-config availability.
[[0;32m  OK  [0m] Listening on Socket activation for snappy daemon.
[[0;32m  OK  [0m] Listening on LXD - unix socket.
[[0;32m  OK  [0m] Started Availability of block devices.
[[0;32m  OK  [0m] Reached target Sockets.
[[0;32m  OK  [0m] Reached target Basic System.
         Starting System Logging Service...
[[0;32m  OK  [0m] Started Deferred execution scheduler.
         Starting Dispatcher daemon for systemd-networkd...
         Starting Accounts Service...
[[0;32m  OK  [0m] Started D-Bus System Message Bus.
[[0;32m  OK  [0m] Started Regular background program processing daemon.
[[0;32m  OK  [0m] Started irqbalance daemon.
[[0;32m  OK  [0m] Started FUSE filesystem for LXC.
         Starting LXD - container startup/shutdown...
         Starting Login Service...
         Starting LSB: automatic crash report generation...
         Starting LSB: Record successful boot for GRUB...
         Starting Permit User Sessions...
         Starting OpenBSD Secure Shell server...
         Starting Virtualbox guest utils...
         Starting Snappy daemon...
[[0;32m  OK  [0m] Started System Logging Service.
[[0;32m  OK  [0m] Started Dispatcher daemon for systemd-networkd.
[[0;32m  OK  [0m] Started Permit User Sessions.
[[0;32m  OK  [0m] Started Login Service.
[[0;32m  OK  [0m] Started Unattended Upgrades Shutdown.
         Starting Authorization Manager...
         Starting Terminate Plymouth Boot Screen...
         Starting Hold until boot process finishes up...
[[0;32m  OK  [0m] Started Terminate Plymouth Boot Screen.
[[0;32m  OK  [0m] Started Hold until boot process finishes up.
         Starting Set console scheme...
[[0;32m  OK  [0m] Started Serial Getty on ttyS0.
[[0;32m  OK  [0m] Started Set console scheme.
[[0;32m  OK  [0m] Created slice system-getty.slice.
[[0;32m  OK  [0m] Started Getty on tty1.
[[0;32m  OK  [0m] Reached target Login Prompts.
[[0;32m  OK  [0m] Started LSB: automatic crash report generation.
[[0;32m  OK  [0m] Started LSB: Record successful boot for GRUB.
[[0;32m  OK  [0m] Started Authorization Manager.
[[0;32m  OK  [0m] Started Accounts Service.
[[0;32m  OK  [0m] Started OpenBSD Secure Shell server.
[[0;32m  OK  [0m] Started Virtualbox guest utils.
[[0;32m  OK  [0m] Created slice User Slice of vagrant.
         Starting User Manager for UID 1000...
[[0;32m  OK  [0m] Started Session 1 of user vagrant.
[[0;32m  OK  [0m] Started LXD - container startup/shutdown.
[[0;32m  OK  [0m] Started User Manager for UID 1000.

Ubuntu 18.04.4 LTS ubuntu-bionic ttyS0

ubuntu-bionic login: [   95.540635] cloud-init[1322]: Cloud-init v. 19.4-33-gbb4131a2-0ubuntu1~18.04.1 running 'modules:config' at Sun, 05 Jul 2020 21:20:15 +0000. Up 95.23 seconds.
[   96.245315] cloud-init[1357]: Cloud-init v. 19.4-33-gbb4131a2-0ubuntu1~18.04.1 running 'modules:final' at Sun, 05 Jul 2020 21:20:15 +0000. Up 96.04 seconds.
[   96.245750] cloud-init[1357]: Cloud-init v. 19.4-33-gbb4131a2-0ubuntu1~18.04.1 finished at Sun, 05 Jul 2020 21:20:16 +0000. Datasource DataSourceNoCloud [seed=/dev/sdb][dsmode=net].  Up 96.22 seconds
